<?xml version="1.0" encoding="UTF-8"?>
<!-- Generated by org.testng.reporters.JUnitXMLReporter -->
<testsuite hostname="DESKTOP-QB0KDE3" ignored="0" name="Default test" tests="10" failures="0" timestamp="05 Nov 2020 09:31:13 GMT" time="478.686" errors="0">
  <testcase name="homeLoanEmiCalculator" time="115.821" classname="testCases.HomeLoanEmiTest"/>
  <testcase name="homeLoanEmiCalculator" time="72.999" classname="testCases.HomeLoanEmiTest"/>
  <testcase name="homeLoanEmiCalculator" time="44.552" classname="testCases.HomeLoanEmiTest"/>
  <testcase name="homeLoanEmiCalculator" time="34.15" classname="testCases.HomeLoanEmiTest"/>
  <testcase name="homeLoanEmiCalculator" time="36.339" classname="testCases.HomeLoanEmiTest"/>
  <testcase name="homeLoanEmiCalculator" time="37.566" classname="testCases.HomeLoanEmiTest"/>
  <testcase name="homeLoanEmiCalculator" time="33.224" classname="testCases.HomeLoanEmiTest"/>
  <testcase name="homeLoanEmiCalculator" time="35.631" classname="testCases.HomeLoanEmiTest"/>
  <testcase name="homeLoanEmiCalculator" time="35.496" classname="testCases.HomeLoanEmiTest"/>
  <testcase name="homeLoanEmiCalculator" time="32.169" classname="testCases.HomeLoanEmiTest"/>
</testsuite> <!-- Default test -->
