<?xml version="1.0" encoding="UTF-8"?>
<testng-results skipped="0" failed="1" ignored="0" total="21" passed="20">
  <reporter-output>
  </reporter-output>
  <suite name="Suite" duration-ms="890047" started-at="2020-11-05T09:33:36Z" finished-at="2020-11-05T09:48:26Z">
    <groups>
    </groups>
    <test name="Test" duration-ms="890047" started-at="2020-11-05T09:33:36Z" finished-at="2020-11-05T09:48:26Z">
      <class name="testCases.HomeLoanEmiTest">
        <test-method status="PASS" signature="homeLoanEmiCalculator(java.lang.String, java.lang.String, java.lang.String, java.lang.String, java.lang.String, java.lang.String, java.lang.String, java.lang.String, java.lang.String, java.lang.String)[pri:0, instance:testCases.HomeLoanEmiTest@a74868d]" name="homeLoanEmiCalculator" duration-ms="102096" started-at="2020-11-05T09:38:44Z" data-provider="homeloanemi" finished-at="2020-11-05T09:40:26Z">
          <params>
            <param index="0">
              <value>
                <![CDATA[0.0]]>
              </value>
            </param>
            <param index="1">
              <value>
                <![CDATA[0.0]]>
              </value>
            </param>
            <param index="2">
              <value>
                <![CDATA[0.0]]>
              </value>
            </param>
            <param index="3">
              <value>
                <![CDATA[9.5]]>
              </value>
            </param>
            <param index="4">
              <value>
                <![CDATA[20.0]]>
              </value>
            </param>
            <param index="5">
              <value>
                <![CDATA[10.0]]>
              </value>
            </param>
            <param index="6">
              <value>
                <![CDATA[0.25]]>
              </value>
            </param>
            <param index="7">
              <value>
                <![CDATA[0.05]]>
              </value>
            </param>
            <param index="8">
              <value>
                <![CDATA[2500.0]]>
              </value>
            </param>
            <param index="9">
              <value>
                <![CDATA[2500.0]]>
              </value>
            </param>
          </params>
          <reporter-output>
          </reporter-output>
        </test-method> <!-- homeLoanEmiCalculator -->
        <test-method status="PASS" signature="homeLoanEmiCalculator(java.lang.String, java.lang.String, java.lang.String, java.lang.String, java.lang.String, java.lang.String, java.lang.String, java.lang.String, java.lang.String, java.lang.String)[pri:0, instance:testCases.HomeLoanEmiTest@a74868d]" name="homeLoanEmiCalculator" duration-ms="46323" started-at="2020-11-05T09:40:26Z" data-provider="homeloanemi" finished-at="2020-11-05T09:41:13Z">
          <params>
            <param index="0">
              <value>
                <![CDATA[-2.0]]>
              </value>
            </param>
            <param index="1">
              <value>
                <![CDATA[0.0]]>
              </value>
            </param>
            <param index="2">
              <value>
                <![CDATA[0.0]]>
              </value>
            </param>
            <param index="3">
              <value>
                <![CDATA[9.5]]>
              </value>
            </param>
            <param index="4">
              <value>
                <![CDATA[20.0]]>
              </value>
            </param>
            <param index="5">
              <value>
                <![CDATA[10.0]]>
              </value>
            </param>
            <param index="6">
              <value>
                <![CDATA[0.25]]>
              </value>
            </param>
            <param index="7">
              <value>
                <![CDATA[0.05]]>
              </value>
            </param>
            <param index="8">
              <value>
                <![CDATA[2500.0]]>
              </value>
            </param>
            <param index="9">
              <value>
                <![CDATA[600005.0]]>
              </value>
            </param>
          </params>
          <reporter-output>
          </reporter-output>
        </test-method> <!-- homeLoanEmiCalculator -->
        <test-method status="PASS" signature="homeLoanEmiCalculator(java.lang.String, java.lang.String, java.lang.String, java.lang.String, java.lang.String, java.lang.String, java.lang.String, java.lang.String, java.lang.String, java.lang.String)[pri:0, instance:testCases.HomeLoanEmiTest@a74868d]" name="homeLoanEmiCalculator" duration-ms="30566" started-at="2020-11-05T09:41:13Z" data-provider="homeloanemi" finished-at="2020-11-05T09:41:43Z">
          <params>
            <param index="0">
              <value>
                <![CDATA[100000.0]]>
              </value>
            </param>
            <param index="1">
              <value>
                <![CDATA[-2.0]]>
              </value>
            </param>
            <param index="2">
              <value>
                <![CDATA[0.0]]>
              </value>
            </param>
            <param index="3">
              <value>
                <![CDATA[9.5]]>
              </value>
            </param>
            <param index="4">
              <value>
                <![CDATA[20.0]]>
              </value>
            </param>
            <param index="5">
              <value>
                <![CDATA[10.0]]>
              </value>
            </param>
            <param index="6">
              <value>
                <![CDATA[0.25]]>
              </value>
            </param>
            <param index="7">
              <value>
                <![CDATA[0.05]]>
              </value>
            </param>
            <param index="8">
              <value>
                <![CDATA[2500.0]]>
              </value>
            </param>
            <param index="9">
              <value>
                <![CDATA[837482.0]]>
              </value>
            </param>
          </params>
          <reporter-output>
          </reporter-output>
        </test-method> <!-- homeLoanEmiCalculator -->
        <test-method status="PASS" signature="homeLoanEmiCalculator(java.lang.String, java.lang.String, java.lang.String, java.lang.String, java.lang.String, java.lang.String, java.lang.String, java.lang.String, java.lang.String, java.lang.String)[pri:0, instance:testCases.HomeLoanEmiTest@a74868d]" name="homeLoanEmiCalculator" duration-ms="29528" started-at="2020-11-05T09:41:43Z" data-provider="homeloanemi" finished-at="2020-11-05T09:42:13Z">
          <params>
            <param index="0">
              <value>
                <![CDATA[100000.0]]>
              </value>
            </param>
            <param index="1">
              <value>
                <![CDATA[0.0]]>
              </value>
            </param>
            <param index="2">
              <value>
                <![CDATA[-2.0]]>
              </value>
            </param>
            <param index="3">
              <value>
                <![CDATA[9.5]]>
              </value>
            </param>
            <param index="4">
              <value>
                <![CDATA[20.0]]>
              </value>
            </param>
            <param index="5">
              <value>
                <![CDATA[10.0]]>
              </value>
            </param>
            <param index="6">
              <value>
                <![CDATA[0.25]]>
              </value>
            </param>
            <param index="7">
              <value>
                <![CDATA[0.05]]>
              </value>
            </param>
            <param index="8">
              <value>
                <![CDATA[2500.0]]>
              </value>
            </param>
            <param index="9">
              <value>
                <![CDATA[839966.0]]>
              </value>
            </param>
          </params>
          <reporter-output>
          </reporter-output>
        </test-method> <!-- homeLoanEmiCalculator -->
        <test-method status="PASS" signature="homeLoanEmiCalculator(java.lang.String, java.lang.String, java.lang.String, java.lang.String, java.lang.String, java.lang.String, java.lang.String, java.lang.String, java.lang.String, java.lang.String)[pri:0, instance:testCases.HomeLoanEmiTest@a74868d]" name="homeLoanEmiCalculator" duration-ms="20990" started-at="2020-11-05T09:42:13Z" data-provider="homeloanemi" finished-at="2020-11-05T09:42:34Z">
          <params>
            <param index="0">
              <value>
                <![CDATA[100000.0]]>
              </value>
            </param>
            <param index="1">
              <value>
                <![CDATA[0.0]]>
              </value>
            </param>
            <param index="2">
              <value>
                <![CDATA[10000.0]]>
              </value>
            </param>
            <param index="3">
              <value>
                <![CDATA[9.5]]>
              </value>
            </param>
            <param index="4">
              <value>
                <![CDATA[-2.0]]>
              </value>
            </param>
            <param index="5">
              <value>
                <![CDATA[10.0]]>
              </value>
            </param>
            <param index="6">
              <value>
                <![CDATA[0.25]]>
              </value>
            </param>
            <param index="7">
              <value>
                <![CDATA[0.05]]>
              </value>
            </param>
            <param index="8">
              <value>
                <![CDATA[2500.0]]>
              </value>
            </param>
            <param index="9">
              <value>
                <![CDATA[192089.0]]>
              </value>
            </param>
          </params>
          <reporter-output>
          </reporter-output>
        </test-method> <!-- homeLoanEmiCalculator -->
        <test-method status="PASS" signature="homeLoanEmiCalculator(java.lang.String, java.lang.String, java.lang.String, java.lang.String, java.lang.String, java.lang.String, java.lang.String, java.lang.String, java.lang.String, java.lang.String)[pri:0, instance:testCases.HomeLoanEmiTest@a74868d]" name="homeLoanEmiCalculator" duration-ms="37064" started-at="2020-11-05T09:42:34Z" data-provider="homeloanemi" finished-at="2020-11-05T09:43:11Z">
          <params>
            <param index="0">
              <value>
                <![CDATA[100000.0]]>
              </value>
            </param>
            <param index="1">
              <value>
                <![CDATA[0.0]]>
              </value>
            </param>
            <param index="2">
              <value>
                <![CDATA[10000.0]]>
              </value>
            </param>
            <param index="3">
              <value>
                <![CDATA[9.5]]>
              </value>
            </param>
            <param index="4">
              <value>
                <![CDATA[0.0]]>
              </value>
            </param>
            <param index="5">
              <value>
                <![CDATA[10.0]]>
              </value>
            </param>
            <param index="6">
              <value>
                <![CDATA[0.25]]>
              </value>
            </param>
            <param index="7">
              <value>
                <![CDATA[0.05]]>
              </value>
            </param>
            <param index="8">
              <value>
                <![CDATA[2500.0]]>
              </value>
            </param>
            <param index="9">
              <value>
                <![CDATA[1252253.0]]>
              </value>
            </param>
          </params>
          <reporter-output>
          </reporter-output>
        </test-method> <!-- homeLoanEmiCalculator -->
        <test-method status="PASS" signature="homeLoanEmiCalculator(java.lang.String, java.lang.String, java.lang.String, java.lang.String, java.lang.String, java.lang.String, java.lang.String, java.lang.String, java.lang.String, java.lang.String)[pri:0, instance:testCases.HomeLoanEmiTest@a74868d]" name="homeLoanEmiCalculator" duration-ms="32860" started-at="2020-11-05T09:43:11Z" data-provider="homeloanemi" finished-at="2020-11-05T09:43:44Z">
          <params>
            <param index="0">
              <value>
                <![CDATA[100000.0]]>
              </value>
            </param>
            <param index="1">
              <value>
                <![CDATA[0.0]]>
              </value>
            </param>
            <param index="2">
              <value>
                <![CDATA[10000.0]]>
              </value>
            </param>
            <param index="3">
              <value>
                <![CDATA[9.5]]>
              </value>
            </param>
            <param index="4">
              <value>
                <![CDATA[20.0]]>
              </value>
            </param>
            <param index="5">
              <value>
                <![CDATA[-2.0]]>
              </value>
            </param>
            <param index="6">
              <value>
                <![CDATA[0.25]]>
              </value>
            </param>
            <param index="7">
              <value>
                <![CDATA[0.05]]>
              </value>
            </param>
            <param index="8">
              <value>
                <![CDATA[2500.0]]>
              </value>
            </param>
            <param index="9">
              <value>
                <![CDATA[854358.0]]>
              </value>
            </param>
          </params>
          <reporter-output>
          </reporter-output>
        </test-method> <!-- homeLoanEmiCalculator -->
        <test-method status="PASS" signature="homeLoanEmiCalculator(java.lang.String, java.lang.String, java.lang.String, java.lang.String, java.lang.String, java.lang.String, java.lang.String, java.lang.String, java.lang.String, java.lang.String)[pri:0, instance:testCases.HomeLoanEmiTest@a74868d]" name="homeLoanEmiCalculator" duration-ms="35582" started-at="2020-11-05T09:43:44Z" data-provider="homeloanemi" finished-at="2020-11-05T09:44:19Z">
          <params>
            <param index="0">
              <value>
                <![CDATA[100000.0]]>
              </value>
            </param>
            <param index="1">
              <value>
                <![CDATA[0.0]]>
              </value>
            </param>
            <param index="2">
              <value>
                <![CDATA[10000.0]]>
              </value>
            </param>
            <param index="3">
              <value>
                <![CDATA[9.5]]>
              </value>
            </param>
            <param index="4">
              <value>
                <![CDATA[20.0]]>
              </value>
            </param>
            <param index="5">
              <value>
                <![CDATA[10.0]]>
              </value>
            </param>
            <param index="6">
              <value>
                <![CDATA[-2.0]]>
              </value>
            </param>
            <param index="7">
              <value>
                <![CDATA[0.05]]>
              </value>
            </param>
            <param index="8">
              <value>
                <![CDATA[2500.0]]>
              </value>
            </param>
            <param index="9">
              <value>
                <![CDATA[897358.0]]>
              </value>
            </param>
          </params>
          <reporter-output>
          </reporter-output>
        </test-method> <!-- homeLoanEmiCalculator -->
        <test-method status="PASS" signature="homeLoanEmiCalculator(java.lang.String, java.lang.String, java.lang.String, java.lang.String, java.lang.String, java.lang.String, java.lang.String, java.lang.String, java.lang.String, java.lang.String)[pri:0, instance:testCases.HomeLoanEmiTest@a74868d]" name="homeLoanEmiCalculator" duration-ms="32796" started-at="2020-11-05T09:44:19Z" data-provider="homeloanemi" finished-at="2020-11-05T09:44:52Z">
          <params>
            <param index="0">
              <value>
                <![CDATA[100000.0]]>
              </value>
            </param>
            <param index="1">
              <value>
                <![CDATA[0.0]]>
              </value>
            </param>
            <param index="2">
              <value>
                <![CDATA[10000.0]]>
              </value>
            </param>
            <param index="3">
              <value>
                <![CDATA[9.5]]>
              </value>
            </param>
            <param index="4">
              <value>
                <![CDATA[20.0]]>
              </value>
            </param>
            <param index="5">
              <value>
                <![CDATA[10.0]]>
              </value>
            </param>
            <param index="6">
              <value>
                <![CDATA[0.25]]>
              </value>
            </param>
            <param index="7">
              <value>
                <![CDATA[-2.0]]>
              </value>
            </param>
            <param index="8">
              <value>
                <![CDATA[2500.0]]>
              </value>
            </param>
            <param index="9">
              <value>
                <![CDATA[901358.0]]>
              </value>
            </param>
          </params>
          <reporter-output>
          </reporter-output>
        </test-method> <!-- homeLoanEmiCalculator -->
        <test-method status="PASS" signature="homeLoanEmiCalculator(java.lang.String, java.lang.String, java.lang.String, java.lang.String, java.lang.String, java.lang.String, java.lang.String, java.lang.String, java.lang.String, java.lang.String)[pri:0, instance:testCases.HomeLoanEmiTest@a74868d]" name="homeLoanEmiCalculator" duration-ms="38492" started-at="2020-11-05T09:44:52Z" data-provider="homeloanemi" finished-at="2020-11-05T09:45:30Z">
          <params>
            <param index="0">
              <value>
                <![CDATA[100000.0]]>
              </value>
            </param>
            <param index="1">
              <value>
                <![CDATA[0.0]]>
              </value>
            </param>
            <param index="2">
              <value>
                <![CDATA[10000.0]]>
              </value>
            </param>
            <param index="3">
              <value>
                <![CDATA[9.5]]>
              </value>
            </param>
            <param index="4">
              <value>
                <![CDATA[20.0]]>
              </value>
            </param>
            <param index="5">
              <value>
                <![CDATA[10.0]]>
              </value>
            </param>
            <param index="6">
              <value>
                <![CDATA[0.25]]>
              </value>
            </param>
            <param index="7">
              <value>
                <![CDATA[0.05]]>
              </value>
            </param>
            <param index="8">
              <value>
                <![CDATA[-2.0]]>
              </value>
            </param>
            <param index="9">
              <value>
                <![CDATA[262838.0]]>
              </value>
            </param>
          </params>
          <reporter-output>
          </reporter-output>
        </test-method> <!-- homeLoanEmiCalculator -->
      </class> <!-- testCases.HomeLoanEmiTest -->
      <class name="testCases.LoanCalculatorTest">
        <test-method status="PASS" signature="loanCalculator(java.lang.String, java.lang.String, java.lang.String, java.lang.String, java.lang.String)[pri:0, instance:testCases.LoanCalculatorTest@12c8a2c0]" name="loanCalculator" duration-ms="41110" started-at="2020-11-05T09:45:30Z" data-provider="loancalculator" finished-at="2020-11-05T09:46:12Z">
          <params>
            <param index="0">
              <value>
                <![CDATA[1000000.0]]>
              </value>
            </param>
            <param index="1">
              <value>
                <![CDATA[9.5]]>
              </value>
            </param>
            <param index="2">
              <value>
                <![CDATA[6.0]]>
              </value>
            </param>
            <param index="3">
              <value>
                <![CDATA[0.0]]>
              </value>
            </param>
            <param index="4">
              <value>
                <![CDATA[13,15,778]]>
              </value>
            </param>
          </params>
          <reporter-output>
          </reporter-output>
        </test-method> <!-- loanCalculator -->
        <test-method status="FAIL" signature="loanCalculator(java.lang.String, java.lang.String, java.lang.String, java.lang.String, java.lang.String)[pri:0, instance:testCases.LoanCalculatorTest@12c8a2c0]" name="loanCalculator" duration-ms="80708" started-at="2020-11-05T09:46:12Z" data-provider="loancalculator" finished-at="2020-11-05T09:47:32Z">
          <params>
            <param index="0">
              <value>
                <![CDATA[1000000.0]]>
              </value>
            </param>
            <param index="1">
              <value>
                <![CDATA[9.5]]>
              </value>
            </param>
            <param index="2">
              <value>
                <![CDATA[6.0]]>
              </value>
            </param>
            <param index="3">
              <value>
                <![CDATA[-2.0]]>
              </value>
            </param>
            <param index="4">
              <value>
                <![CDATA[13,15,780]]>
              </value>
            </param>
          </params>
          <exception class="org.openqa.selenium.NoSuchElementException">
            <message>
              <![CDATA[no such element: Unable to locate element: {"method":"xpath","selector":"//*[@id='loanfees']"}
  (Session info: chrome=86.0.4240.111)
For documentation on this error, please visit: https://www.seleniumhq.org/exceptions/no_such_element.html
Build info: version: '3.141.59', revision: 'e82be7d358', time: '2018-11-14T08:17:03'
System info: host: 'DESKTOP-QB0KDE3', ip: '192.168.0.103', os.name: 'Windows 10', os.arch: 'amd64', os.version: '10.0', java.version: '1.8.0_261'
Driver info: org.openqa.selenium.chrome.ChromeDriver
Capabilities {acceptInsecureCerts: false, browserName: chrome, browserVersion: 86.0.4240.111, chrome: {chromedriverVersion: 85.0.4183.87 (cd6713ebf92fa..., userDataDir: C:\Users\Yasharth\AppData\L...}, goog:chromeOptions: {debuggerAddress: localhost:57117}, javascriptEnabled: true, networkConnectionEnabled: false, pageLoadStrategy: normal, platform: WINDOWS, platformName: WINDOWS, proxy: Proxy(), setWindowRect: true, strictFileInteractability: false, timeouts: {implicit: 0, pageLoad: 300000, script: 30000}, unhandledPromptBehavior: dismiss and notify, webauthn:virtualAuthenticators: true}
Session ID: 69c5d112da5f0876736d93ec820c349a
*** Element info: {Using=xpath, value=//*[@id='loanfees']}]]>
            </message>
            <full-stacktrace>
              <![CDATA[org.openqa.selenium.NoSuchElementException: no such element: Unable to locate element: {"method":"xpath","selector":"//*[@id='loanfees']"}
  (Session info: chrome=86.0.4240.111)
For documentation on this error, please visit: https://www.seleniumhq.org/exceptions/no_such_element.html
Build info: version: '3.141.59', revision: 'e82be7d358', time: '2018-11-14T08:17:03'
System info: host: 'DESKTOP-QB0KDE3', ip: '192.168.0.103', os.name: 'Windows 10', os.arch: 'amd64', os.version: '10.0', java.version: '1.8.0_261'
Driver info: org.openqa.selenium.chrome.ChromeDriver
Capabilities {acceptInsecureCerts: false, browserName: chrome, browserVersion: 86.0.4240.111, chrome: {chromedriverVersion: 85.0.4183.87 (cd6713ebf92fa..., userDataDir: C:\Users\Yasharth\AppData\L...}, goog:chromeOptions: {debuggerAddress: localhost:57117}, javascriptEnabled: true, networkConnectionEnabled: false, pageLoadStrategy: normal, platform: WINDOWS, platformName: WINDOWS, proxy: Proxy(), setWindowRect: true, strictFileInteractability: false, timeouts: {implicit: 0, pageLoad: 300000, script: 30000}, unhandledPromptBehavior: dismiss and notify, webauthn:virtualAuthenticators: true}
Session ID: 69c5d112da5f0876736d93ec820c349a
*** Element info: {Using=xpath, value=//*[@id='loanfees']}
at sun.reflect.NativeConstructorAccessorImpl.newInstance0(Native Method)
at sun.reflect.NativeConstructorAccessorImpl.newInstance(Unknown Source)
at sun.reflect.DelegatingConstructorAccessorImpl.newInstance(Unknown Source)
at java.lang.reflect.Constructor.newInstance(Unknown Source)
at org.openqa.selenium.remote.http.W3CHttpResponseCodec.createException(W3CHttpResponseCodec.java:187)
at org.openqa.selenium.remote.http.W3CHttpResponseCodec.decode(W3CHttpResponseCodec.java:122)
at org.openqa.selenium.remote.http.W3CHttpResponseCodec.decode(W3CHttpResponseCodec.java:49)
at org.openqa.selenium.remote.HttpCommandExecutor.execute(HttpCommandExecutor.java:158)
at org.openqa.selenium.remote.service.DriverCommandExecutor.execute(DriverCommandExecutor.java:83)
at org.openqa.selenium.remote.RemoteWebDriver.execute(RemoteWebDriver.java:552)
at org.openqa.selenium.remote.RemoteWebDriver.findElement(RemoteWebDriver.java:323)
at org.openqa.selenium.remote.RemoteWebDriver.findElementByXPath(RemoteWebDriver.java:428)
at org.openqa.selenium.By$ByXPath.findElement(By.java:353)
at org.openqa.selenium.remote.RemoteWebDriver.findElement(RemoteWebDriver.java:315)
at org.openqa.selenium.support.pagefactory.DefaultElementLocator.findElement(DefaultElementLocator.java:69)
at org.openqa.selenium.support.pagefactory.internal.LocatingElementHandler.invoke(LocatingElementHandler.java:38)
at com.sun.proxy.$Proxy8.sendKeys(Unknown Source)
at baseClasses.PageBaseClass.clearField(PageBaseClass.java:44)
at pageClasses.LoanCalculatorPage.calculateLoan(LoanCalculatorPage.java:51)
at testCases.LoanCalculatorTest.loanCalculator(LoanCalculatorTest.java:34)
at sun.reflect.NativeMethodAccessorImpl.invoke0(Native Method)
at sun.reflect.NativeMethodAccessorImpl.invoke(Unknown Source)
at sun.reflect.DelegatingMethodAccessorImpl.invoke(Unknown Source)
at java.lang.reflect.Method.invoke(Unknown Source)
at org.testng.internal.MethodInvocationHelper.invokeMethod(MethodInvocationHelper.java:124)
at org.testng.internal.Invoker.invokeMethod(Invoker.java:583)
at org.testng.internal.Invoker.invokeTestMethod(Invoker.java:719)
at org.testng.internal.Invoker.invokeTestMethods(Invoker.java:989)
at org.testng.internal.TestMethodWorker.invokeTestMethods(TestMethodWorker.java:125)
at org.testng.internal.TestMethodWorker.run(TestMethodWorker.java:109)
at org.testng.TestRunner.privateRun(TestRunner.java:648)
at org.testng.TestRunner.run(TestRunner.java:505)
at org.testng.SuiteRunner.runTest(SuiteRunner.java:455)
at org.testng.SuiteRunner.runSequentially(SuiteRunner.java:450)
at org.testng.SuiteRunner.privateRun(SuiteRunner.java:415)
at org.testng.SuiteRunner.run(SuiteRunner.java:364)
at org.testng.SuiteRunnerWorker.runSuite(SuiteRunnerWorker.java:52)
at org.testng.SuiteRunnerWorker.run(SuiteRunnerWorker.java:84)
at org.testng.TestNG.runSuitesSequentially(TestNG.java:1208)
at org.testng.TestNG.runSuitesLocally(TestNG.java:1137)
at org.testng.TestNG.runSuites(TestNG.java:1049)
at org.testng.TestNG.run(TestNG.java:1017)
at org.testng.remote.AbstractRemoteTestNG.run(AbstractRemoteTestNG.java:114)
at org.testng.remote.RemoteTestNG.initAndRun(RemoteTestNG.java:251)
at org.testng.remote.RemoteTestNG.main(RemoteTestNG.java:77)
]]>
            </full-stacktrace>
          </exception> <!-- org.openqa.selenium.NoSuchElementException -->
          <reporter-output>
          </reporter-output>
        </test-method> <!-- loanCalculator -->
        <test-method status="PASS" signature="loanCalculator(java.lang.String, java.lang.String, java.lang.String, java.lang.String, java.lang.String)[pri:0, instance:testCases.LoanCalculatorTest@12c8a2c0]" name="loanCalculator" duration-ms="53360" started-at="2020-11-05T09:47:32Z" data-provider="loancalculator" finished-at="2020-11-05T09:48:26Z">
          <params>
            <param index="0">
              <value>
                <![CDATA[-200000.0]]>
              </value>
            </param>
            <param index="1">
              <value>
                <![CDATA[9.5]]>
              </value>
            </param>
            <param index="2">
              <value>
                <![CDATA[6.0]]>
              </value>
            </param>
            <param index="3">
              <value>
                <![CDATA[0.0]]>
              </value>
            </param>
            <param index="4">
              <value>
                <![CDATA[2,63,156]]>
              </value>
            </param>
          </params>
          <reporter-output>
          </reporter-output>
        </test-method> <!-- loanCalculator -->
      </class> <!-- testCases.LoanCalculatorTest -->
      <class name="testCases.CarLoanTest">
        <test-method status="PASS" signature="carEmiCalculator(java.lang.String, java.lang.String, java.lang.String, java.lang.String, java.lang.String)[pri:0, instance:testCases.CarLoanTest@396e2f39]" name="carEmiCalculator" duration-ms="26904" started-at="2020-11-05T09:33:36Z" data-provider="getCarLoanTestData" finished-at="2020-11-05T09:34:03Z">
          <params>
            <param index="0">
              <value>
                <![CDATA[1500000.0]]>
              </value>
            </param>
            <param index="1">
              <value>
                <![CDATA[9.5]]>
              </value>
            </param>
            <param index="2">
              <value>
                <![CDATA[Y]]>
              </value>
            </param>
            <param index="3">
              <value>
                <![CDATA[2.0]]>
              </value>
            </param>
            <param index="4">
              <value>
                <![CDATA[1652922.0]]>
              </value>
            </param>
          </params>
          <reporter-output>
          </reporter-output>
        </test-method> <!-- carEmiCalculator -->
        <test-method status="PASS" signature="carEmiCalculator(java.lang.String, java.lang.String, java.lang.String, java.lang.String, java.lang.String)[pri:0, instance:testCases.CarLoanTest@396e2f39]" name="carEmiCalculator" duration-ms="33797" started-at="2020-11-05T09:34:03Z" data-provider="getCarLoanTestData" finished-at="2020-11-05T09:34:37Z">
          <params>
            <param index="0">
              <value>
                <![CDATA[3000000.0]]>
              </value>
            </param>
            <param index="1">
              <value>
                <![CDATA[10.5]]>
              </value>
            </param>
            <param index="2">
              <value>
                <![CDATA[Y]]>
              </value>
            </param>
            <param index="3">
              <value>
                <![CDATA[20.0]]>
              </value>
            </param>
            <param index="4">
              <value>
                <![CDATA[71,88,335]]>
              </value>
            </param>
          </params>
          <reporter-output>
          </reporter-output>
        </test-method> <!-- carEmiCalculator -->
        <test-method status="PASS" signature="carEmiCalculator(java.lang.String, java.lang.String, java.lang.String, java.lang.String, java.lang.String)[pri:0, instance:testCases.CarLoanTest@396e2f39]" name="carEmiCalculator" duration-ms="43389" started-at="2020-11-05T09:34:37Z" data-provider="getCarLoanTestData" finished-at="2020-11-05T09:35:21Z">
          <params>
            <param index="0">
              <value>
                <![CDATA[1000000.0]]>
              </value>
            </param>
            <param index="1">
              <value>
                <![CDATA[4.0]]>
              </value>
            </param>
            <param index="2">
              <value>
                <![CDATA[Y]]>
              </value>
            </param>
            <param index="3">
              <value>
                <![CDATA[10.0]]>
              </value>
            </param>
            <param index="4">
              <value>
                <![CDATA[12,14,942]]>
              </value>
            </param>
          </params>
          <reporter-output>
          </reporter-output>
        </test-method> <!-- carEmiCalculator -->
        <test-method status="PASS" signature="carEmiCalculator(java.lang.String, java.lang.String, java.lang.String, java.lang.String, java.lang.String)[pri:0, instance:testCases.CarLoanTest@396e2f39]" name="carEmiCalculator" duration-ms="29060" started-at="2020-11-05T09:35:21Z" data-provider="getCarLoanTestData" finished-at="2020-11-05T09:35:50Z">
          <params>
            <param index="0">
              <value>
                <![CDATA[1000000.0]]>
              </value>
            </param>
            <param index="1">
              <value>
                <![CDATA[0.0]]>
              </value>
            </param>
            <param index="2">
              <value>
                <![CDATA[Y]]>
              </value>
            </param>
            <param index="3">
              <value>
                <![CDATA[10.0]]>
              </value>
            </param>
            <param index="4">
              <value>
                <![CDATA[12,72,786]]>
              </value>
            </param>
          </params>
          <reporter-output>
          </reporter-output>
        </test-method> <!-- carEmiCalculator -->
        <test-method status="PASS" signature="carEmiCalculator(java.lang.String, java.lang.String, java.lang.String, java.lang.String, java.lang.String)[pri:0, instance:testCases.CarLoanTest@396e2f39]" name="carEmiCalculator" duration-ms="41867" started-at="2020-11-05T09:35:50Z" data-provider="getCarLoanTestData" finished-at="2020-11-05T09:36:32Z">
          <params>
            <param index="0">
              <value>
                <![CDATA[1200000.0]]>
              </value>
            </param>
            <param index="1">
              <value>
                <![CDATA[15.0]]>
              </value>
            </param>
            <param index="2">
              <value>
                <![CDATA[M]]>
              </value>
            </param>
            <param index="3">
              <value>
                <![CDATA[0.0]]>
              </value>
            </param>
            <param index="4">
              <value>
                <![CDATA[12,99,720]]>
              </value>
            </param>
          </params>
          <reporter-output>
          </reporter-output>
        </test-method> <!-- carEmiCalculator -->
        <test-method status="PASS" signature="carEmiCalculator(java.lang.String, java.lang.String, java.lang.String, java.lang.String, java.lang.String)[pri:0, instance:testCases.CarLoanTest@396e2f39]" name="carEmiCalculator" duration-ms="49525" started-at="2020-11-05T09:36:32Z" data-provider="getCarLoanTestData" finished-at="2020-11-05T09:37:21Z">
          <params>
            <param index="0">
              <value>
                <![CDATA[1300000.0]]>
              </value>
            </param>
            <param index="1">
              <value>
                <![CDATA[14.0]]>
              </value>
            </param>
            <param index="2">
              <value>
                <![CDATA[M]]>
              </value>
            </param>
            <param index="3">
              <value>
                <![CDATA[50.0]]>
              </value>
            </param>
            <param index="4">
              <value>
                <![CDATA[1,09,22,579]]>
              </value>
            </param>
          </params>
          <reporter-output>
          </reporter-output>
        </test-method> <!-- carEmiCalculator -->
        <test-method status="PASS" signature="carEmiCalculator(java.lang.String, java.lang.String, java.lang.String, java.lang.String, java.lang.String)[pri:0, instance:testCases.CarLoanTest@396e2f39]" name="carEmiCalculator" duration-ms="30067" started-at="2020-11-05T09:37:21Z" data-provider="getCarLoanTestData" finished-at="2020-11-05T09:37:51Z">
          <params>
            <param index="0">
              <value>
                <![CDATA[1300000.0]]>
              </value>
            </param>
            <param index="1">
              <value>
                <![CDATA[12.0]]>
              </value>
            </param>
            <param index="2">
              <value>
                <![CDATA[Y]]>
              </value>
            </param>
            <param index="3">
              <value>
                <![CDATA[1.0]]>
              </value>
            </param>
            <param index="4">
              <value>
                <![CDATA[13,86,041]]>
              </value>
            </param>
          </params>
          <reporter-output>
          </reporter-output>
        </test-method> <!-- carEmiCalculator -->
        <test-method status="PASS" signature="carEmiCalculator(java.lang.String, java.lang.String, java.lang.String, java.lang.String, java.lang.String)[pri:0, instance:testCases.CarLoanTest@396e2f39]" name="carEmiCalculator" duration-ms="52909" started-at="2020-11-05T09:37:51Z" data-provider="getCarLoanTestData" finished-at="2020-11-05T09:38:44Z">
          <params>
            <param index="0">
              <value>
                <![CDATA[1250000.0]]>
              </value>
            </param>
            <param index="1">
              <value>
                <![CDATA[12.0]]>
              </value>
            </param>
            <param index="2">
              <value>
                <![CDATA[Y]]>
              </value>
            </param>
            <param index="3">
              <value>
                <![CDATA[60.0]]>
              </value>
            </param>
            <param index="4">
              <value>
                <![CDATA[90,06,969]]>
              </value>
            </param>
          </params>
          <reporter-output>
          </reporter-output>
        </test-method> <!-- carEmiCalculator -->
      </class> <!-- testCases.CarLoanTest -->
    </test> <!-- Test -->
  </suite> <!-- Suite -->
</testng-results>
